<?xml version="1.0" encoding="UTF-8"?>
<testng-results skipped="0" failed="0" total="1" passed="1">
  <reporter-output>
    <line>
      <![CDATA[Stale element found, trying again... : 
stale element reference: element is not attached to the page document
  (Session info: chrome=44.0.2403.157)
  (Driver info: chromedriver=2.9.248315,platform=Windows NT 6.1 SP1 x86) (WARNING: The server did not provide any stacktrace information)
Command duration or timeout: 2.45 seconds
For documentation on this error, please visit: http://seleniumhq.org/exceptions/stale_element_reference.html
Build info: version: '2.47.1', revision: 'unknown', time: '2015-07-30 11:02:44'
System info: host: 'hydws72726', ip: '10.103.27.150', os.name: 'Windows 7', os.arch: 'x86', os.version: '6.1', java.version: '1.7.0_51'
Session ID: 092938c8e1eb43975e2f8d0669282967
Driver info: org.openqa.selenium.chrome.ChromeDriver
Capabilities [{platform=XP, acceptSslCerts=true, javascriptEnabled=true, browserName=chrome, chrome={userDataDir=C:\Users\snakka\AppData\Local\Temp\scoped_dir7496_21444}, rotatable=false, locationContextEnabled=true, version=44.0.2403.157, takesHeapSnapshot=true, cssSelectorsEnabled=true, databaseEnabled=false, handlesAlerts=true, browserConnectionEnabled=false, webStorageEnabled=true, nativeEvents=true, applicationCacheEnabled=false, takesScreenshot=true}]
]]>
    </line>
  </reporter-output>
  <suite name="com.voice.signups.Voice_Signups_Test" duration-ms="107370" started-at="2015-08-26T08:40:00Z" finished-at="2015-08-26T08:41:48Z">
    <groups>
    </groups>
    <test name="Command line test" duration-ms="107370" started-at="2015-08-26T08:40:00Z" finished-at="2015-08-26T08:41:48Z">
      <class name="com.voice.signups.Voice_Signups_Test">
        <test-method status="PASS" signature="setUp()[pri:0, instance:com.voice.signups.Voice_Signups_Test@1c37b8f]" name="setUp" is-config="true" duration-ms="32550" started-at="2015-08-26T14:10:00Z" finished-at="2015-08-26T14:10:33Z">
          <reporter-output>
          </reporter-output>
        </test-method> <!-- setUp -->
        <test-method status="PASS" signature="Signup()[pri:0, instance:com.voice.signups.Voice_Signups_Test@1c37b8f]" name="Signup" duration-ms="69086" started-at="2015-08-26T14:10:33Z" finished-at="2015-08-26T14:11:42Z">
          <reporter-output>
            <line>
              <![CDATA[Stale element found, trying again... : 
stale element reference: element is not attached to the page document
  (Session info: chrome=44.0.2403.157)
  (Driver info: chromedriver=2.9.248315,platform=Windows NT 6.1 SP1 x86) (WARNING: The server did not provide any stacktrace information)
Command duration or timeout: 2.45 seconds
For documentation on this error, please visit: http://seleniumhq.org/exceptions/stale_element_reference.html
Build info: version: '2.47.1', revision: 'unknown', time: '2015-07-30 11:02:44'
System info: host: 'hydws72726', ip: '10.103.27.150', os.name: 'Windows 7', os.arch: 'x86', os.version: '6.1', java.version: '1.7.0_51'
Session ID: 092938c8e1eb43975e2f8d0669282967
Driver info: org.openqa.selenium.chrome.ChromeDriver
Capabilities [{platform=XP, acceptSslCerts=true, javascriptEnabled=true, browserName=chrome, chrome={userDataDir=C:\Users\snakka\AppData\Local\Temp\scoped_dir7496_21444}, rotatable=false, locationContextEnabled=true, version=44.0.2403.157, takesHeapSnapshot=true, cssSelectorsEnabled=true, databaseEnabled=false, handlesAlerts=true, browserConnectionEnabled=false, webStorageEnabled=true, nativeEvents=true, applicationCacheEnabled=false, takesScreenshot=true}]
]]>
            </line>
          </reporter-output>
        </test-method> <!-- Signup -->
        <test-method status="PASS" signature="tearDown()[pri:0, instance:com.voice.signups.Voice_Signups_Test@1c37b8f]" name="tearDown" is-config="true" duration-ms="5667" started-at="2015-08-26T14:11:42Z" finished-at="2015-08-26T14:11:48Z">
          <reporter-output>
          </reporter-output>
        </test-method> <!-- tearDown -->
      </class> <!-- com.voice.signups.Voice_Signups_Test -->
    </test> <!-- Command line test -->
  </suite> <!-- com.voice.signups.Voice_Signups_Test -->
</testng-results>
